
**** Build of configuration Debug for project listas00 ****

make all 
Building file: ../lista00.c
Invoking: GCC C Compiler
gcc -O0 -g3 -Wall -c -fmessage-length=0 -MMD -MP -MF"lista00.d" -MT"lista00.d" -o "lista00.o" "../lista00.c"
Finished building: ../lista00.c
 
Building file: ../main.c
Invoking: GCC C Compiler
gcc -O0 -g3 -Wall -c -fmessage-length=0 -MMD -MP -MF"main.d" -MT"main.d" -o "main.o" "../main.c"
Finished building: ../main.c
 
Building target: listas00
Invoking: GCC C Linker
gcc  -o "listas00"  ./lista00.o ./main.o   
Finished building target: listas00
 

**** Build Finished ****

**** Build of configuration Debug for project listas00 ****

make all 
make: No se hace nada para 'all'.

**** Build Finished ****

**** Build of configuration Debug for project listas00 ****

make all 
make: No se hace nada para 'all'.

**** Build Finished ****
